<?xml version="1.0" encoding="UTF-8"?>
<!-- Generated by org.testng.reporters.JUnitReportReporter -->
<testsuite hostname="ankit-PC" name="com.crm.qa.testcase.LoginPageTest" tests="3" failures="0" timestamp="2 Aug 2019 06:11:14 GMT" time="42.862" errors="0">
  <testcase name="loginPageTitleTest" time="12.003" classname="com.crm.qa.testcase.LoginPageTest"/>
  <testcase name="crmlogoImageTest" time="11.605" classname="com.crm.qa.testcase.LoginPageTest"/>
  <testcase name="loginTest" time="19.254" classname="com.crm.qa.testcase.LoginPageTest"/>
</testsuite> <!-- com.crm.qa.testcase.LoginPageTest -->
